<?xml version="1.0" encoding="UTF-8"?>
<testsuite name="Realizar registro" tests="2" skipped="0" failures="0" errors="0" timestamp="2023-08-23T05:52:49" hostname="DESKTOP-MMKLV47" time="9.375">
  <properties/>
  <testcase name="Realizar registro exitoso" classname="Realizar registro" time="8.613"/>
  <testcase name="Realizar registro fallido" classname="Realizar registro" time="0.698"/>
  <system-out><![CDATA[{
    "id": 4,
    "token": "QpwL5tke4Pnpja7X4"
}
{
    "error": "Missing password"
}
Missing password
]]></system-out>
  <system-err><![CDATA[[Test worker] INFO net.thucydides.core.steps.ConsoleLoggingListener - 
        __    _____ _____ ____ _____   ____   _    ____  ____  _____ ____  
  _     \ \  |_   _| ____/ ___|_   _| |  _ \ / \  / ___|/ ___|| ____|  _ \ 
 (_)_____| |   | | |  _| \___ \ | |   | |_) / _ \ \___ \\___ \|  _| | | | |
  _|_____| |   | | | |___ ___) || |   |  __/ ___ \ ___) |___) | |___| |_| |
 (_)     | |   |_| |_____|____/ |_|   |_| /_/   \_\____/|____/|_____|____/ 
        /_/                                                                

TEST PASSED: Realizar registro exitoso
----------------------------------------------------------------------------
[Test worker] INFO net.thucydides.core.steps.ConsoleLoggingListener - 
        __    _____ _____ ____ _____   ____   _    ____  ____  _____ ____  
  _     \ \  |_   _| ____/ ___|_   _| |  _ \ / \  / ___|/ ___|| ____|  _ \ 
 (_)_____| |   | | |  _| \___ \ | |   | |_) / _ \ \___ \\___ \|  _| | | | |
  _|_____| |   | | | |___ ___) || |   |  __/ ___ \ ___) |___) | |___| |_| |
 (_)     | |   |_| |_____|____/ |_|   |_| /_/   \_\____/|____/|_____|____/ 
        /_/                                                                

TEST PASSED: Realizar registro fallido
----------------------------------------------------------------------------
]]></system-err>
</testsuite>
