<?xml version="1.0" encoding="UTF-8"?>
<testsuite name="Obtener respuesta del servicio" tests="1" skipped="0" failures="0" errors="0" timestamp="2023-08-23T05:52:49" hostname="DESKTOP-MMKLV47" time="8.965">
  <properties/>
  <testcase name="Obtener Status code" classname="Obtener respuesta del servicio" time="8.965"/>
  <system-out><![CDATA[200
HTTP/1.1 200 OK
Access-Control-Allow-Origin: *
Age: 0
Cache-Control: max-age=259200
Content-Length: 434
Content-Type: application/json; charset=utf-8
Date: Wed, 23 Aug 2023 05:52:58 GMT
Etag: W/"1b2-t0DCRFfJaDmsDZ4BB64x8V8zHP0"
Expires: Sat, 26 Aug 2023 05:52:58 GMT
Server: Netlify
Strict-Transport-Security: max-age=31536000
X-Nf-Request-Id: 01H8GF81ZAN8NDFHXJYMZC94CQ
X-Powered-By: Express

{
    "id": 14,
    "name": "Alien Morty",
    "status": "unknown",
    "species": "Alien",
    "type": "",
    "gender": "Male",
    "origin": {
        "name": "unknown",
        "url": ""
    },
    "location": {
        "name": "Citadel of Ricks",
        "url": "https://rickandmortyapi.com/api/location/3"
    },
    "image": "https://rickandmortyapi.com/api/character/avatar/14.jpeg",
    "episode": [
        "https://rickandmortyapi.com/api/episode/10"
    ],
    "url": "https://rickandmortyapi.com/api/character/14",
    "created": "2017-11-04T20:51:31.373Z"
}
io.restassured.internal.RestAssuredResponseImpl@4fd3b20a
{
    "id": 14,
    "name": "Alien Morty",
    "status": "unknown",
    "species": "Alien",
    "type": "",
    "gender": "Male",
    "origin": {
        "name": "unknown",
        "url": ""
    },
    "location": {
        "name": "Citadel of Ricks",
        "url": "https://rickandmortyapi.com/api/location/3"
    },
    "image": "https://rickandmortyapi.com/api/character/avatar/14.jpeg",
    "episode": [
        "https://rickandmortyapi.com/api/episode/10"
    ],
    "url": "https://rickandmortyapi.com/api/character/14",
    "created": "2017-11-04T20:51:31.373Z"
}
]]></system-out>
  <system-err><![CDATA[[Test worker] INFO net.thucydides.core.steps.ConsoleLoggingListener - 
        __    _____ _____ ____ _____   ____   _    ____  ____  _____ ____  
  _     \ \  |_   _| ____/ ___|_   _| |  _ \ / \  / ___|/ ___|| ____|  _ \ 
 (_)_____| |   | | |  _| \___ \ | |   | |_) / _ \ \___ \\___ \|  _| | | | |
  _|_____| |   | | | |___ ___) || |   |  __/ ___ \ ___) |___) | |___| |_| |
 (_)     | |   |_| |_____|____/ |_|   |_| /_/   \_\____/|____/|_____|____/ 
        /_/                                                                

TEST PASSED: Obtener Status code
----------------------------------------------------------------------------
]]></system-err>
</testsuite>
