<?xml version="1.0" encoding="UTF-8"?>
<testsuite name="Obtener respuesta del servicio" tests="1" skipped="1" failures="0" errors="0" timestamp="2023-08-21T06:15:59" hostname="DESKTOP-MMKLV47" time="0.044">
  <properties/>
  <testcase name="Obtener Status code" classname="Obtener respuesta del servicio" time="0.044">
    <skipped/>
  </testcase>
  <system-out><![CDATA[]]></system-out>
  <system-err><![CDATA[[Test worker] INFO net.thucydides.core.steps.ConsoleLoggingListener - TEST PENDING
[Test worker] INFO net.thucydides.core.steps.ConsoleLoggingListener - 
          __  _____ _____ ____ _____   ____  _____ _   _ ____ ___ _   _  ____ 
 _       / / |_   _| ____/ ___|_   _| |  _ \| ____| \ | |  _ \_ _| \ | |/ ___|
(_)____ / /    | | |  _| \___ \ | |   | |_) |  _| |  \| | | | | ||  \| | |  _ 
 |_____/ /     | | | |___ ___) || |   |  __/| |___| |\  | |_| | || |\  | |_| |
(_)   /_/      |_| |_____|____/ |_|   |_|   |_____|_| \_|____/___|_| \_|\____|
                                                                                

TEST PENDING: Obtener Status code
---------------------------------------------------------------------------------
]]></system-err>
</testsuite>
